Using pre-set license
Built from '2020.3/staging' branch; Version is '2020.3.3f1 (76626098c1c4) revision 7758432'; Using compiler version '192528614'; Build Type 'Release'
OS: 'Windows 10 Home; OS build 19044.1889; Version 2009; 64bit' Language: 'en' Physical Memory: 16294 MB
BatchMode: 1, IsHumanControllingUs: 0, StartBugReporterOnCrash: 0, Is64bit: 1, IsPro: 0

 COMMAND LINE ARGUMENTS:
C:\Program Files\Unity\Hub\Editor\2020.3.3f1\Editor\Unity.exe
-adb2
-batchMode
-noUpm
-name
AssetImportWorker0
-projectPath
C:/Users/emiir/Documents/GitHub/Toadder/Toadder
-logFile
Logs/AssetImportWorker0.log
-srvPort
57180
Successfully changed project path to: C:/Users/emiir/Documents/GitHub/Toadder/Toadder
C:/Users/emiir/Documents/GitHub/Toadder/Toadder
Using Asset Import Pipeline V2.
Refreshing native plugins compatible for Editor in 39.60 ms, found 1 plugins.
Preloading 0 native plugins for Editor in 0.00 ms.
Initialize engine version: 2020.3.3f1 (76626098c1c4)
[Subsystems] Discovering subsystems at path C:/Program Files/Unity/Hub/Editor/2020.3.3f1/Editor/Data/Resources/UnitySubsystems
[Subsystems] Discovering subsystems at path C:/Users/emiir/Documents/GitHub/Toadder/Toadder/Assets
GfxDevice: creating device client; threaded=0
Direct3D:
    Version:  Direct3D 11.0 [level 11.1]
    Renderer: NVIDIA GeForce RTX 2060 (ID=0x1f11)
    Vendor:   
    VRAM:     5980 MB
    Driver:   30.0.15.1277
Initialize mono
Mono path[0] = 'C:/Program Files/Unity/Hub/Editor/2020.3.3f1/Editor/Data/Managed'
Mono path[1] = 'C:/Program Files/Unity/Hub/Editor/2020.3.3f1/Editor/Data/MonoBleedingEdge/lib/mono/unityjit'
Mono config path = 'C:/Program Files/Unity/Hub/Editor/2020.3.3f1/Editor/Data/MonoBleedingEdge/etc'
Using monoOptions --debugger-agent=transport=dt_socket,embedding=1,server=y,suspend=n,address=127.0.0.1:56740
Begin MonoManager ReloadAssembly
Registering precompiled unity dll's ...
Register platform support module: C:/Program Files/Unity/Hub/Editor/2020.3.3f1/Editor/Data/PlaybackEngines/WebGLSupport/UnityEditor.WebGL.Extensions.dll
Register platform support module: C:/Program Files/Unity/Hub/Editor/2020.3.3f1/Editor/Data/PlaybackEngines/WindowsStandaloneSupport/UnityEditor.WindowsStandalone.Extensions.dll
Registered in 0.002775 seconds.
Native extension for WindowsStandalone target not found
Native extension for WebGL target not found
Refreshing native plugins compatible for Editor in 36.18 ms, found 1 plugins.
Preloading 0 native plugins for Editor in 0.00 ms.
Invoked RoslynAnalysisRunner static constructor.
RoslynAnalysisRunner will not be running.
RoslynAnalysisRunner has terminated.
Mono: successfully reloaded assembly
- Completed reload, in  1.279 seconds
Platform modules already initialized, skipping
Registering precompiled user dll's ...
Registered in 0.001187 seconds.
Begin MonoManager ReloadAssembly
Native extension for WindowsStandalone target not found
Native extension for WebGL target not found
Refreshing native plugins compatible for Editor in 39.27 ms, found 1 plugins.
Preloading 0 native plugins for Editor in 0.00 ms.
Invoked RoslynAnalysisRunner static constructor.
RoslynAnalysisRunner will not be running.
RoslynAnalysisRunner has terminated.
Mono: successfully reloaded assembly
- Completed reload, in  0.988 seconds
Platform modules already initialized, skipping
========================================================================
Worker process is ready to serve import requests
Launched and connected shader compiler UnityShaderCompiler.exe after 0.05 seconds
Refreshing native plugins compatible for Editor in 0.34 ms, found 1 plugins.
Preloading 0 native plugins for Editor in 0.00 ms.
Unloading 1809 Unused Serialized files (Serialized files now loaded: 0)
System memory in use before: 84.9 MB.
System memory in use after: 84.8 MB.

Unloading 24 unused Assets to reduce memory usage. Loaded Objects now: 2251.
Total: 2.674600 ms (FindLiveObjects: 0.575100 ms CreateObjectMapping: 0.127600 ms MarkObjects: 1.844400 ms  DeleteObjects: 0.125400 ms)

========================================================================
Received Import Request.
  path: Assets/Scripts
  artifactKey: Guid(8f78fda382698204ab86dde79dba66ef) Importer(815301076,1909f56bfc062723c751e8b465ee728b)
Start importing Assets/Scripts using Guid(8f78fda382698204ab86dde79dba66ef) Importer(815301076,1909f56bfc062723c751e8b465ee728b)  -> (artifact id: '6d76044b5b31838e4a2ee22884a36f6b') in 0.009141 seconds
  Import took 0.012743 seconds .

========================================================================
Received Prepare
Registering precompiled user dll's ...
Registered in 0.001072 seconds.
Begin MonoManager ReloadAssembly
Native extension for WindowsStandalone target not found
Native extension for WebGL target not found
Refreshing native plugins compatible for Editor in 0.35 ms, found 1 plugins.
Preloading 0 native plugins for Editor in 0.00 ms.
Invoked RoslynAnalysisRunner static constructor.
RoslynAnalysisRunner will not be running.
RoslynAnalysisRunner has terminated.
Mono: successfully reloaded assembly
- Completed reload, in  0.923 seconds
Platform modules already initialized, skipping
Refreshing native plugins compatible for Editor in 0.35 ms, found 1 plugins.
Preloading 0 native plugins for Editor in 0.00 ms.
Unloading 1805 Unused Serialized files (Serialized files now loaded: 0)
System memory in use before: 84.9 MB.
System memory in use after: 84.8 MB.

Unloading 12 unused Assets to reduce memory usage. Loaded Objects now: 2256.
Total: 2.266400 ms (FindLiveObjects: 0.190700 ms CreateObjectMapping: 0.064000 ms MarkObjects: 1.912700 ms  DeleteObjects: 0.097800 ms)

========================================================================
Received Import Request.
  Time since last request: 6.732038 seconds.
  path: Assets/Scripts/MoveCycle.cs
  artifactKey: Guid(b4becbf3df24d71458904546884df990) Importer(815301076,1909f56bfc062723c751e8b465ee728b)
Start importing Assets/Scripts/MoveCycle.cs using Guid(b4becbf3df24d71458904546884df990) Importer(815301076,1909f56bfc062723c751e8b465ee728b)  -> (artifact id: 'f593a4d329f689efdbd3621bbfed820b') in 0.053316 seconds
  Import took 0.056071 seconds .

========================================================================
Received Prepare
Registering precompiled user dll's ...
Registered in 0.001618 seconds.
Begin MonoManager ReloadAssembly
Native extension for WindowsStandalone target not found
Native extension for WebGL target not found
Refreshing native plugins compatible for Editor in 0.39 ms, found 1 plugins.
Preloading 0 native plugins for Editor in 0.00 ms.
Invoked RoslynAnalysisRunner static constructor.
RoslynAnalysisRunner will not be running.
RoslynAnalysisRunner has terminated.
Mono: successfully reloaded assembly
- Completed reload, in  0.885 seconds
Platform modules already initialized, skipping
Refreshing native plugins compatible for Editor in 0.37 ms, found 1 plugins.
Preloading 0 native plugins for Editor in 0.00 ms.
Unloading 1805 Unused Serialized files (Serialized files now loaded: 0)
System memory in use before: 84.9 MB.
System memory in use after: 84.9 MB.

Unloading 12 unused Assets to reduce memory usage. Loaded Objects now: 2260.
Total: 2.256100 ms (FindLiveObjects: 0.482600 ms CreateObjectMapping: 0.116300 ms MarkObjects: 1.533600 ms  DeleteObjects: 0.122400 ms)

========================================================================
Received Import Request.
  Time since last request: 836.074517 seconds.
  path: Assets/Scripts/MoveCycle.cs
  artifactKey: Guid(b4becbf3df24d71458904546884df990) Importer(815301076,1909f56bfc062723c751e8b465ee728b)
Start importing Assets/Scripts/MoveCycle.cs using Guid(b4becbf3df24d71458904546884df990) Importer(815301076,1909f56bfc062723c751e8b465ee728b)  -> (artifact id: '4ecd3140f275ba9878c4c90e36949453') in 0.004979 seconds
  Import took 0.008389 seconds .

========================================================================
Received Import Request.
  Time since last request: 2.427160 seconds.
  path: Assets/Prefabs/Car1.prefab
  artifactKey: Guid(e9110944fcd72e745afa7d47723d7396) Importer(815301076,1909f56bfc062723c751e8b465ee728b)
Start importing Assets/Prefabs/Car1.prefab using Guid(e9110944fcd72e745afa7d47723d7396) Importer(815301076,1909f56bfc062723c751e8b465ee728b)  -> (artifact id: 'a50680087f85aa5fa5b13980566a81e4') in 0.108541 seconds
  Import took 0.111477 seconds .

========================================================================
Received Import Request.
  Time since last request: 0.000344 seconds.
  path: Assets/Prefabs/Turtle Group 3.prefab
  artifactKey: Guid(956a1d959cbe2ef4085ffa833515ff6d) Importer(815301076,1909f56bfc062723c751e8b465ee728b)
Start importing Assets/Prefabs/Turtle Group 3.prefab using Guid(956a1d959cbe2ef4085ffa833515ff6d) Importer(815301076,1909f56bfc062723c751e8b465ee728b)  -> (artifact id: '3433c72a78b45056bd5067f3a1782d37') in 0.015196 seconds
  Import took 0.017923 seconds .

========================================================================
Received Import Request.
  Time since last request: 0.000267 seconds.
  path: Assets/Prefabs/Log 6.prefab
  artifactKey: Guid(e2de1868d94130546884305ea710e424) Importer(815301076,1909f56bfc062723c751e8b465ee728b)
Start importing Assets/Prefabs/Log 6.prefab using Guid(e2de1868d94130546884305ea710e424) Importer(815301076,1909f56bfc062723c751e8b465ee728b)  -> (artifact id: '2489703bba9ffd27179af837af9c83ef') in 0.019394 seconds
  Import took 0.023095 seconds .

========================================================================
Received Import Request.
  Time since last request: 0.000273 seconds.
  path: Assets/Prefabs/Log 4.prefab
  artifactKey: Guid(965070f0450782849b780aa6ebd73366) Importer(815301076,1909f56bfc062723c751e8b465ee728b)
Start importing Assets/Prefabs/Log 4.prefab using Guid(965070f0450782849b780aa6ebd73366) Importer(815301076,1909f56bfc062723c751e8b465ee728b)  -> (artifact id: 'd8708a6b09f9207c9a7d12ad825dc9e4') in 0.041985 seconds
  Import took 0.045117 seconds .

========================================================================
Received Import Request.
  Time since last request: 0.000375 seconds.
  path: Assets/Prefabs/Toadder.prefab
  artifactKey: Guid(4919b567f613bea4296f1bfaeca97338) Importer(815301076,1909f56bfc062723c751e8b465ee728b)
Start importing Assets/Prefabs/Toadder.prefab using Guid(4919b567f613bea4296f1bfaeca97338) Importer(815301076,1909f56bfc062723c751e8b465ee728b)  -> (artifact id: 'eded009bc050f98b9dbda86d5f2a1f18') in 0.016162 seconds
  Import took 0.020199 seconds .

========================================================================
Received Import Request.
  Time since last request: 0.000387 seconds.
  path: Assets/Prefabs/Log 3.prefab
  artifactKey: Guid(1784da8a80c86934e8830c3c8e0dd026) Importer(815301076,1909f56bfc062723c751e8b465ee728b)
Start importing Assets/Prefabs/Log 3.prefab using Guid(1784da8a80c86934e8830c3c8e0dd026) Importer(815301076,1909f56bfc062723c751e8b465ee728b)  -> (artifact id: '24657c29d8d063cff4abc5bd1817c8e4') in 0.039123 seconds
  Import took 0.042300 seconds .

========================================================================
Received Import Request.
  Time since last request: 0.000448 seconds.
  path: Assets/Prefabs/Turtle.prefab
  artifactKey: Guid(bb7a1bd7f4e8b4d4da9e3bac9356d2e5) Importer(815301076,1909f56bfc062723c751e8b465ee728b)
Start importing Assets/Prefabs/Turtle.prefab using Guid(bb7a1bd7f4e8b4d4da9e3bac9356d2e5) Importer(815301076,1909f56bfc062723c751e8b465ee728b)  -> (artifact id: '953845946a468a4d1f6b6f76e7d49a9e') in 0.019814 seconds
  Import took 0.023248 seconds .

========================================================================
Received Import Request.
  Time since last request: 0.000334 seconds.
  path: Assets/Prefabs/Car2.prefab
  artifactKey: Guid(80f2d268606fd8d418cbc9b1d08dfcd7) Importer(815301076,1909f56bfc062723c751e8b465ee728b)
Start importing Assets/Prefabs/Car2.prefab using Guid(80f2d268606fd8d418cbc9b1d08dfcd7) Importer(815301076,1909f56bfc062723c751e8b465ee728b)  -> (artifact id: '31646ea680519365d0e6fd6b35e4d4c2') in 0.015418 seconds
  Import took 0.018957 seconds .

========================================================================
Received Import Request.
  Time since last request: 0.000322 seconds.
  path: Assets/Prefabs/Car3.prefab
  artifactKey: Guid(e1112902448a7f345b78da90eec2527e) Importer(815301076,1909f56bfc062723c751e8b465ee728b)
Start importing Assets/Prefabs/Car3.prefab using Guid(e1112902448a7f345b78da90eec2527e) Importer(815301076,1909f56bfc062723c751e8b465ee728b)  -> (artifact id: 'b19324c45eeef433042004f0e4d978de') in 0.018680 seconds
  Import took 0.021566 seconds .

========================================================================
Received Import Request.
  Time since last request: 0.000341 seconds.
  path: Assets/Prefabs/Home.prefab
  artifactKey: Guid(fc63fd18287f2d74882f402f503c9a38) Importer(815301076,1909f56bfc062723c751e8b465ee728b)
Start importing Assets/Prefabs/Home.prefab using Guid(fc63fd18287f2d74882f402f503c9a38) Importer(815301076,1909f56bfc062723c751e8b465ee728b)  -> (artifact id: 'f0e4ec7e03a2eaa95a5ab593f8ef1b9b') in 0.016907 seconds
  Import took 0.020155 seconds .

========================================================================
Received Import Request.
  Time since last request: 0.000342 seconds.
  path: Assets/Prefabs/Car4.prefab
  artifactKey: Guid(46899b46578550648a0598866867c98b) Importer(815301076,1909f56bfc062723c751e8b465ee728b)
Start importing Assets/Prefabs/Car4.prefab using Guid(46899b46578550648a0598866867c98b) Importer(815301076,1909f56bfc062723c751e8b465ee728b)  -> (artifact id: '89acff2f9ecd51e56903bff9a20a2f09') in 0.015443 seconds
  Import took 0.019060 seconds .

========================================================================
Received Import Request.
  Time since last request: 0.000369 seconds.
  path: Assets/Prefabs/Car5.prefab
  artifactKey: Guid(f15e2386642a5f04fa13c441af81eada) Importer(815301076,1909f56bfc062723c751e8b465ee728b)
Start importing Assets/Prefabs/Car5.prefab using Guid(f15e2386642a5f04fa13c441af81eada) Importer(815301076,1909f56bfc062723c751e8b465ee728b)  -> (artifact id: 'e319bcdc74267190d688d8a4baa7cca2') in 0.019800 seconds
  Import took 0.023594 seconds .

========================================================================
Received Import Request.
  Time since last request: 0.000315 seconds.
  path: Assets/Prefabs/Turtle Group 2.prefab
  artifactKey: Guid(0e753842eafd8e4419c7b04dc8b13159) Importer(815301076,1909f56bfc062723c751e8b465ee728b)
Start importing Assets/Prefabs/Turtle Group 2.prefab using Guid(0e753842eafd8e4419c7b04dc8b13159) Importer(815301076,1909f56bfc062723c751e8b465ee728b)  -> (artifact id: '90bb72252c0f0c4899babcde14601703') in 0.016892 seconds
  Import took 0.020432 seconds .

========================================================================
Received Import Request.
  Time since last request: 8.831874 seconds.
  path: Assets/Sprites/Car1.png
  artifactKey: Guid(4fce83e9e469df647bc31b2a6350cd7a) Importer(815301076,1909f56bfc062723c751e8b465ee728b)
Start importing Assets/Sprites/Car1.png using Guid(4fce83e9e469df647bc31b2a6350cd7a) Importer(815301076,1909f56bfc062723c751e8b465ee728b)  -> (artifact id: '96c8b5e09829e197b8de6b76d4515fee') in 0.064336 seconds
  Import took 0.067433 seconds .

========================================================================
Received Import Request.
  Time since last request: 0.000360 seconds.
  path: Assets/Sprites/Car2.png
  artifactKey: Guid(985a87b4f11a67141b43475465ef1c88) Importer(815301076,1909f56bfc062723c751e8b465ee728b)
Start importing Assets/Sprites/Car2.png using Guid(985a87b4f11a67141b43475465ef1c88) Importer(815301076,1909f56bfc062723c751e8b465ee728b)  -> (artifact id: '762ee3ce5f3bd3060d6e8bad30263598') in 0.014871 seconds
  Import took 0.017558 seconds .

========================================================================
Received Import Request.
  Time since last request: 0.000292 seconds.
  path: Assets/Sprites/Turtle_03.png
  artifactKey: Guid(51e35edad548c834285b87dcf7f0b06e) Importer(815301076,1909f56bfc062723c751e8b465ee728b)
Start importing Assets/Sprites/Turtle_03.png using Guid(51e35edad548c834285b87dcf7f0b06e) Importer(815301076,1909f56bfc062723c751e8b465ee728b)  -> (artifact id: 'd7f7d56723a1f93114470fdd46d8b9d7') in 0.032265 seconds
  Import took 0.035849 seconds .

========================================================================
Received Import Request.
  Time since last request: 0.000368 seconds.
  path: Assets/Sprites/LogStart.png
  artifactKey: Guid(eb219db97b6854b4b898decac0543068) Importer(815301076,1909f56bfc062723c751e8b465ee728b)
Start importing Assets/Sprites/LogStart.png using Guid(eb219db97b6854b4b898decac0543068) Importer(815301076,1909f56bfc062723c751e8b465ee728b)  -> (artifact id: 'b01d90e29aa17040b3ffeacdf3044586') in 0.014837 seconds
  Import took 0.018528 seconds .

========================================================================
Received Import Request.
  Time since last request: 0.000335 seconds.
  path: Assets/Sprites/Car3.png
  artifactKey: Guid(03a3d0ce57659894dbdd40d1aa14fb11) Importer(815301076,1909f56bfc062723c751e8b465ee728b)
Start importing Assets/Sprites/Car3.png using Guid(03a3d0ce57659894dbdd40d1aa14fb11) Importer(815301076,1909f56bfc062723c751e8b465ee728b)  -> (artifact id: '785706587f5f129799a9dd44e6ca012a') in 0.032379 seconds
  Import took 0.035961 seconds .

========================================================================
Received Import Request.
  Time since last request: 0.000340 seconds.
  path: Assets/Sprites/FroggerDead.png
  artifactKey: Guid(1695d102dbd9a5949a838586c2e47c81) Importer(815301076,1909f56bfc062723c751e8b465ee728b)
Start importing Assets/Sprites/FroggerDead.png using Guid(1695d102dbd9a5949a838586c2e47c81) Importer(815301076,1909f56bfc062723c751e8b465ee728b)  -> (artifact id: '016750948a496a663521dcbe9757910a') in 0.017502 seconds
  Import took 0.021070 seconds .

========================================================================
Received Import Request.
  Time since last request: 0.000344 seconds.
  path: Assets/Sprites/Car4.png
  artifactKey: Guid(ecd845c4018d5b64ea949795231de2dd) Importer(815301076,1909f56bfc062723c751e8b465ee728b)
Start importing Assets/Sprites/Car4.png using Guid(ecd845c4018d5b64ea949795231de2dd) Importer(815301076,1909f56bfc062723c751e8b465ee728b)  -> (artifact id: 'd1db01fde51a847e9d70fbf200164a85') in 0.032674 seconds
  Import took 0.036159 seconds .

========================================================================
Received Import Request.
  Time since last request: 0.000310 seconds.
  path: Assets/Sprites/FroggerIdle.png
  artifactKey: Guid(accdfca821fcfad4aa0e79fe4138f7df) Importer(815301076,1909f56bfc062723c751e8b465ee728b)
Start importing Assets/Sprites/FroggerIdle.png using Guid(accdfca821fcfad4aa0e79fe4138f7df) Importer(815301076,1909f56bfc062723c751e8b465ee728b)  -> (artifact id: '094d97637048e7498ef0e80f6360a80f') in 0.014330 seconds
  Import took 0.017951 seconds .

========================================================================
Received Import Request.
  Time since last request: 0.000358 seconds.
  path: Assets/Sprites/HomeFrog.png
  artifactKey: Guid(00612c85c33a49f4f9f80e8010f83925) Importer(815301076,1909f56bfc062723c751e8b465ee728b)
Start importing Assets/Sprites/HomeFrog.png using Guid(00612c85c33a49f4f9f80e8010f83925) Importer(815301076,1909f56bfc062723c751e8b465ee728b)  -> (artifact id: 'fac50f49120ebad9359257e45bed6d2c') in 0.019117 seconds
  Import took 0.022627 seconds .

========================================================================
Received Import Request.
  Time since last request: 0.000292 seconds.
  path: Assets/Sprites/Road.png
  artifactKey: Guid(2aae122b9879f2d4c9b07bae1c2c78c7) Importer(815301076,1909f56bfc062723c751e8b465ee728b)
Start importing Assets/Sprites/Road.png using Guid(2aae122b9879f2d4c9b07bae1c2c78c7) Importer(815301076,1909f56bfc062723c751e8b465ee728b)  -> (artifact id: '77406369d31b7b62c3fa3b53e8827605') in 0.035369 seconds
  Import took 0.038729 seconds .

========================================================================
Received Import Request.
  Time since last request: 0.000336 seconds.
  path: Assets/Sprites/Turtle_01.png
  artifactKey: Guid(47a65ad51523aec45bd7f4636f0ea3f8) Importer(815301076,1909f56bfc062723c751e8b465ee728b)
Start importing Assets/Sprites/Turtle_01.png using Guid(47a65ad51523aec45bd7f4636f0ea3f8) Importer(815301076,1909f56bfc062723c751e8b465ee728b)  -> (artifact id: '4bd1652f1d4023625be2c86399ff95c1') in 0.031930 seconds
  Import took 0.035676 seconds .

========================================================================
Received Import Request.
  Time since last request: 0.000328 seconds.
  path: Assets/Sprites/Turtle_02.png
  artifactKey: Guid(31a20cd2bec2ccc478e8936760805964) Importer(815301076,1909f56bfc062723c751e8b465ee728b)
Start importing Assets/Sprites/Turtle_02.png using Guid(31a20cd2bec2ccc478e8936760805964) Importer(815301076,1909f56bfc062723c751e8b465ee728b)  -> (artifact id: 'cb63fdca64708d25143971c5945ab95c') in 0.031373 seconds
  Import took 0.034670 seconds .

========================================================================
Received Import Request.
  Time since last request: 0.000325 seconds.
  path: Assets/Sprites/Median.png
  artifactKey: Guid(063b14f53cd9e744fa1d7999482340d1) Importer(815301076,1909f56bfc062723c751e8b465ee728b)
Start importing Assets/Sprites/Median.png using Guid(063b14f53cd9e744fa1d7999482340d1) Importer(815301076,1909f56bfc062723c751e8b465ee728b)  -> (artifact id: '809191cdd70187608b3ec669410332b7') in 0.022356 seconds
  Import took 0.027239 seconds .

========================================================================
Received Import Request.
  Time since last request: 0.000292 seconds.
  path: Assets/Sprites/Home.png
  artifactKey: Guid(ceb7999b3a67ed049a350bf567935fc2) Importer(815301076,1909f56bfc062723c751e8b465ee728b)
Start importing Assets/Sprites/Home.png using Guid(ceb7999b3a67ed049a350bf567935fc2) Importer(815301076,1909f56bfc062723c751e8b465ee728b)  -> (artifact id: '541faea1d207e9e84f3b0ad81ce350aa') in 0.022277 seconds
  Import took 0.025736 seconds .

========================================================================
Received Import Request.
  Time since last request: 0.000922 seconds.
  path: Assets/Sprites/Car5.png
  artifactKey: Guid(8915b00bac87b5744a8aeafb4c2234f9) Importer(815301076,1909f56bfc062723c751e8b465ee728b)
Start importing Assets/Sprites/Car5.png using Guid(8915b00bac87b5744a8aeafb4c2234f9) Importer(815301076,1909f56bfc062723c751e8b465ee728b)  -> (artifact id: 'a79ac9b65828611f7068e091559c7b86') in 0.014569 seconds
  Import took 0.017639 seconds .

========================================================================
Received Import Request.
  Time since last request: 0.000220 seconds.
  path: Assets/Sprites/Water.png
  artifactKey: Guid(3ab86a6f66328f04ea9d4b65da5f5505) Importer(815301076,1909f56bfc062723c751e8b465ee728b)
Start importing Assets/Sprites/Water.png using Guid(3ab86a6f66328f04ea9d4b65da5f5505) Importer(815301076,1909f56bfc062723c751e8b465ee728b)  -> (artifact id: '34b02ef2310a197bb9c33e8561a1602a') in 0.013071 seconds
  Import took 0.016933 seconds .

========================================================================
Received Import Request.
  Time since last request: 0.000275 seconds.
  path: Assets/Sprites/LogEnd.png
  artifactKey: Guid(865165ff466d62a42855bd949e63b651) Importer(815301076,1909f56bfc062723c751e8b465ee728b)
Start importing Assets/Sprites/LogEnd.png using Guid(865165ff466d62a42855bd949e63b651) Importer(815301076,1909f56bfc062723c751e8b465ee728b)  -> (artifact id: 'e938fbb204167cb5e115e35987ed54d0') in 0.012914 seconds
  Import took 0.016296 seconds .

========================================================================
Received Import Request.
  Time since last request: 0.000342 seconds.
  path: Assets/Sprites/LogMiddle.png
  artifactKey: Guid(201a43ea5ea5726448f68077b4e34f1c) Importer(815301076,1909f56bfc062723c751e8b465ee728b)
Start importing Assets/Sprites/LogMiddle.png using Guid(201a43ea5ea5726448f68077b4e34f1c) Importer(815301076,1909f56bfc062723c751e8b465ee728b)  -> (artifact id: '27e87c0819411842d0fd63acd1d372db') in 0.012240 seconds
  Import took 0.015045 seconds .

========================================================================
Received Import Request.
  Time since last request: 0.000436 seconds.
  path: Assets/Sprites/FroggerLeap.png
  artifactKey: Guid(c032d92b984378d4ebe60f300734cb08) Importer(815301076,1909f56bfc062723c751e8b465ee728b)
Start importing Assets/Sprites/FroggerLeap.png using Guid(c032d92b984378d4ebe60f300734cb08) Importer(815301076,1909f56bfc062723c751e8b465ee728b)  -> (artifact id: '1ebaa9e742d692b4a95be5beb7c40511') in 0.012293 seconds
  Import took 0.015913 seconds .

========================================================================
Received Import Request.
  Time since last request: 4.864275 seconds.
  path: Assets/Prefabs/Turtle.prefab
  artifactKey: Guid(bb7a1bd7f4e8b4d4da9e3bac9356d2e5) Importer(815301076,1909f56bfc062723c751e8b465ee728b)
Start importing Assets/Prefabs/Turtle.prefab using Guid(bb7a1bd7f4e8b4d4da9e3bac9356d2e5) Importer(815301076,1909f56bfc062723c751e8b465ee728b)  -> (artifact id: '13f7ccc1640c457d8f9ecc7148a2cbc9') in 0.010076 seconds
  Import took 0.013507 seconds .

========================================================================
Received Import Request.
  Time since last request: 11.046832 seconds.
  path: Assets/Prefabs/Car1.prefab
  artifactKey: Guid(e9110944fcd72e745afa7d47723d7396) Importer(815301076,1909f56bfc062723c751e8b465ee728b)
Start importing Assets/Prefabs/Car1.prefab using Guid(e9110944fcd72e745afa7d47723d7396) Importer(815301076,1909f56bfc062723c751e8b465ee728b)  -> (artifact id: 'aefd81e31bd15933987e5d265b5f192f') in 0.008211 seconds
  Import took 0.011757 seconds .

========================================================================
Received Import Request.
  Time since last request: 0.000334 seconds.
  path: Assets/Prefabs/Turtle Group 3.prefab
  artifactKey: Guid(956a1d959cbe2ef4085ffa833515ff6d) Importer(815301076,1909f56bfc062723c751e8b465ee728b)
Start importing Assets/Prefabs/Turtle Group 3.prefab using Guid(956a1d959cbe2ef4085ffa833515ff6d) Importer(815301076,1909f56bfc062723c751e8b465ee728b)  -> (artifact id: 'df492a83067f5cf0cadfaffd15659ec7') in 0.010564 seconds
  Import took 0.014131 seconds .

========================================================================
Received Import Request.
  Time since last request: 0.000272 seconds.
  path: Assets/Prefabs/Log 6.prefab
  artifactKey: Guid(e2de1868d94130546884305ea710e424) Importer(815301076,1909f56bfc062723c751e8b465ee728b)
Start importing Assets/Prefabs/Log 6.prefab using Guid(e2de1868d94130546884305ea710e424) Importer(815301076,1909f56bfc062723c751e8b465ee728b)  -> (artifact id: 'b43efbac80f8153f4f54b6547e0404c2') in 0.009043 seconds
  Import took 0.012764 seconds .

========================================================================
Received Import Request.
  Time since last request: 0.000361 seconds.
  path: Assets/Prefabs/Log 4.prefab
  artifactKey: Guid(965070f0450782849b780aa6ebd73366) Importer(815301076,1909f56bfc062723c751e8b465ee728b)
Start importing Assets/Prefabs/Log 4.prefab using Guid(965070f0450782849b780aa6ebd73366) Importer(815301076,1909f56bfc062723c751e8b465ee728b)  -> (artifact id: '896ab063c872c227e82091ca829b1e05') in 0.008659 seconds
  Import took 0.011840 seconds .

========================================================================
Received Import Request.
  Time since last request: 0.000265 seconds.
  path: Assets/Prefabs/Toadder.prefab
  artifactKey: Guid(4919b567f613bea4296f1bfaeca97338) Importer(815301076,1909f56bfc062723c751e8b465ee728b)
Start importing Assets/Prefabs/Toadder.prefab using Guid(4919b567f613bea4296f1bfaeca97338) Importer(815301076,1909f56bfc062723c751e8b465ee728b)  -> (artifact id: 'dd4ccdbb0e6d08cc2323a0ef98684990') in 0.007630 seconds
  Import took 0.010934 seconds .

========================================================================
Received Import Request.
  Time since last request: 0.000370 seconds.
  path: Assets/Prefabs/Log 3.prefab
  artifactKey: Guid(1784da8a80c86934e8830c3c8e0dd026) Importer(815301076,1909f56bfc062723c751e8b465ee728b)
Start importing Assets/Prefabs/Log 3.prefab using Guid(1784da8a80c86934e8830c3c8e0dd026) Importer(815301076,1909f56bfc062723c751e8b465ee728b)  -> (artifact id: '42f10b421a7c4ed0150fb18cac1fb496') in 0.008930 seconds
  Import took 0.012014 seconds .

========================================================================
Received Import Request.
  Time since last request: 0.000390 seconds.
  path: Assets/Prefabs/Car2.prefab
  artifactKey: Guid(80f2d268606fd8d418cbc9b1d08dfcd7) Importer(815301076,1909f56bfc062723c751e8b465ee728b)
Start importing Assets/Prefabs/Car2.prefab using Guid(80f2d268606fd8d418cbc9b1d08dfcd7) Importer(815301076,1909f56bfc062723c751e8b465ee728b)  -> (artifact id: '0473980f656cf1c4645e993731516390') in 0.008650 seconds
  Import took 0.011775 seconds .

========================================================================
Received Import Request.
  Time since last request: 0.000287 seconds.
  path: Assets/Prefabs/Car3.prefab
  artifactKey: Guid(e1112902448a7f345b78da90eec2527e) Importer(815301076,1909f56bfc062723c751e8b465ee728b)
Start importing Assets/Prefabs/Car3.prefab using Guid(e1112902448a7f345b78da90eec2527e) Importer(815301076,1909f56bfc062723c751e8b465ee728b)  -> (artifact id: 'bcb8803d65366e1d27612aa077865791') in 0.011336 seconds
  Import took 0.014473 seconds .

========================================================================
Received Import Request.
  Time since last request: 0.000289 seconds.
  path: Assets/Prefabs/Home.prefab
  artifactKey: Guid(fc63fd18287f2d74882f402f503c9a38) Importer(815301076,1909f56bfc062723c751e8b465ee728b)
Start importing Assets/Prefabs/Home.prefab using Guid(fc63fd18287f2d74882f402f503c9a38) Importer(815301076,1909f56bfc062723c751e8b465ee728b)  -> (artifact id: '04fbe087bcab02abda400b0fe367638f') in 0.009276 seconds
  Import took 0.012859 seconds .

========================================================================
Received Import Request.
  Time since last request: 0.000362 seconds.
  path: Assets/Prefabs/Car4.prefab
  artifactKey: Guid(46899b46578550648a0598866867c98b) Importer(815301076,1909f56bfc062723c751e8b465ee728b)
Start importing Assets/Prefabs/Car4.prefab using Guid(46899b46578550648a0598866867c98b) Importer(815301076,1909f56bfc062723c751e8b465ee728b)  -> (artifact id: 'c17a0440e4f61ae6e522348e9c24c29d') in 0.007823 seconds
  Import took 0.010606 seconds .

========================================================================
Received Import Request.
  Time since last request: 0.000307 seconds.
  path: Assets/Prefabs/Car5.prefab
  artifactKey: Guid(f15e2386642a5f04fa13c441af81eada) Importer(815301076,1909f56bfc062723c751e8b465ee728b)
Start importing Assets/Prefabs/Car5.prefab using Guid(f15e2386642a5f04fa13c441af81eada) Importer(815301076,1909f56bfc062723c751e8b465ee728b)  -> (artifact id: '289a56e4d726f37fe3c7ed2adee95cd1') in 0.009308 seconds
  Import took 0.012997 seconds .

========================================================================
Received Import Request.
  Time since last request: 0.000274 seconds.
  path: Assets/Prefabs/Turtle Group 2.prefab
  artifactKey: Guid(0e753842eafd8e4419c7b04dc8b13159) Importer(815301076,1909f56bfc062723c751e8b465ee728b)
Start importing Assets/Prefabs/Turtle Group 2.prefab using Guid(0e753842eafd8e4419c7b04dc8b13159) Importer(815301076,1909f56bfc062723c751e8b465ee728b)  -> (artifact id: '617258bf9cd9f02b233a75cad4ddf428') in 0.008668 seconds
  Import took 0.011548 seconds .

========================================================================
Received Import Request.
  Time since last request: 10.789674 seconds.
  path: Assets/Prefabs/Car1.prefab
  artifactKey: Guid(e9110944fcd72e745afa7d47723d7396) Importer(815301076,1909f56bfc062723c751e8b465ee728b)
Start importing Assets/Prefabs/Car1.prefab using Guid(e9110944fcd72e745afa7d47723d7396) Importer(815301076,1909f56bfc062723c751e8b465ee728b)  -> (artifact id: 'cd04d4e625ec25bfe37dcdb20efc6c14') in 0.013972 seconds
  Import took 0.017066 seconds .

========================================================================
Received Import Request.
  Time since last request: 24.580454 seconds.
  path: Assets/Prefabs/Car1.prefab
  artifactKey: Guid(e9110944fcd72e745afa7d47723d7396) Importer(815301076,1909f56bfc062723c751e8b465ee728b)
Start importing Assets/Prefabs/Car1.prefab using Guid(e9110944fcd72e745afa7d47723d7396) Importer(815301076,1909f56bfc062723c751e8b465ee728b)  -> (artifact id: '86d132484c104ee3146ddc9ff2bd56ea') in 0.029132 seconds
  Import took 0.037732 seconds .

========================================================================
Received Import Request.
  Time since last request: 33.105550 seconds.
  path: Assets/Prefabs/Car3.prefab
  artifactKey: Guid(e1112902448a7f345b78da90eec2527e) Importer(815301076,1909f56bfc062723c751e8b465ee728b)
Start importing Assets/Prefabs/Car3.prefab using Guid(e1112902448a7f345b78da90eec2527e) Importer(815301076,1909f56bfc062723c751e8b465ee728b)  -> (artifact id: '2f069709adaff4bbbb921be57207d14f') in 0.019315 seconds
  Import took 0.022474 seconds .

========================================================================
Received Import Request.
  Time since last request: 0.938923 seconds.
  path: Assets/Prefabs/Car3.prefab
  artifactKey: Guid(e1112902448a7f345b78da90eec2527e) Importer(815301076,1909f56bfc062723c751e8b465ee728b)
Start importing Assets/Prefabs/Car3.prefab using Guid(e1112902448a7f345b78da90eec2527e) Importer(815301076,1909f56bfc062723c751e8b465ee728b)  -> (artifact id: '950b8b8328ea3537e00d01e13ca107d4') in 0.019291 seconds
  Import took 0.023061 seconds .

========================================================================
Received Import Request.
  Time since last request: 16.832702 seconds.
  path: Assets/Prefabs/Car4.prefab
  artifactKey: Guid(46899b46578550648a0598866867c98b) Importer(815301076,1909f56bfc062723c751e8b465ee728b)
Start importing Assets/Prefabs/Car4.prefab using Guid(46899b46578550648a0598866867c98b) Importer(815301076,1909f56bfc062723c751e8b465ee728b)  -> (artifact id: '8041dd3045fc6ddc4ceaef5ec0e65b39') in 0.020870 seconds
  Import took 0.023952 seconds .

========================================================================
Received Import Request.
  Time since last request: 8.312071 seconds.
  path: Assets/Prefabs/Car5.prefab
  artifactKey: Guid(f15e2386642a5f04fa13c441af81eada) Importer(815301076,1909f56bfc062723c751e8b465ee728b)
Start importing Assets/Prefabs/Car5.prefab using Guid(f15e2386642a5f04fa13c441af81eada) Importer(815301076,1909f56bfc062723c751e8b465ee728b)  -> (artifact id: '25e062e5fb9543c64e6b14d5d492d302') in 0.010804 seconds
  Import took 0.013940 seconds .

========================================================================
Received Import Request.
  Time since last request: 4.092288 seconds.
  path: Assets/Prefabs/Car5.prefab
  artifactKey: Guid(f15e2386642a5f04fa13c441af81eada) Importer(815301076,1909f56bfc062723c751e8b465ee728b)
Start importing Assets/Prefabs/Car5.prefab using Guid(f15e2386642a5f04fa13c441af81eada) Importer(815301076,1909f56bfc062723c751e8b465ee728b)  -> (artifact id: '4e2e9f56455d280c41b43fd1d1808c18') in 0.008701 seconds
  Import took 0.012052 seconds .

========================================================================
Received Import Request.
  Time since last request: 15.146588 seconds.
  path: Assets/Prefabs/Home.prefab
  artifactKey: Guid(fc63fd18287f2d74882f402f503c9a38) Importer(815301076,1909f56bfc062723c751e8b465ee728b)
Start importing Assets/Prefabs/Home.prefab using Guid(fc63fd18287f2d74882f402f503c9a38) Importer(815301076,1909f56bfc062723c751e8b465ee728b)  -> (artifact id: '0e379bfd72f87f5f485a0b7233bd0ae7') in 0.010320 seconds
  Import took 0.013866 seconds .

========================================================================
Received Import Request.
  Time since last request: 50.801578 seconds.
  path: Assets/Prefabs/Log 3.prefab
  artifactKey: Guid(1784da8a80c86934e8830c3c8e0dd026) Importer(815301076,1909f56bfc062723c751e8b465ee728b)
Start importing Assets/Prefabs/Log 3.prefab using Guid(1784da8a80c86934e8830c3c8e0dd026) Importer(815301076,1909f56bfc062723c751e8b465ee728b)  -> (artifact id: 'ef824b4c843fda2d0eb64e2810e20e59') in 0.030034 seconds
  Import took 0.038261 seconds .

========================================================================
Received Import Request.
  Time since last request: 12.711203 seconds.
  path: Assets/Prefabs/Log 4.prefab
  artifactKey: Guid(965070f0450782849b780aa6ebd73366) Importer(815301076,1909f56bfc062723c751e8b465ee728b)
Start importing Assets/Prefabs/Log 4.prefab using Guid(965070f0450782849b780aa6ebd73366) Importer(815301076,1909f56bfc062723c751e8b465ee728b)  -> (artifact id: 'e3bb5977d4ae9a4d6b26e29bff93177c') in 0.011193 seconds
  Import took 0.014060 seconds .

========================================================================
Received Import Request.
  Time since last request: 8.054569 seconds.
  path: Assets/Prefabs/Log 4.prefab
  artifactKey: Guid(965070f0450782849b780aa6ebd73366) Importer(815301076,1909f56bfc062723c751e8b465ee728b)
Start importing Assets/Prefabs/Log 4.prefab using Guid(965070f0450782849b780aa6ebd73366) Importer(815301076,1909f56bfc062723c751e8b465ee728b)  -> (artifact id: '9df997a3d6551b3cf302171dc07ccd0f') in 0.013108 seconds
  Import took 0.017743 seconds .

========================================================================
Received Import Request.
  Time since last request: 5.249634 seconds.
  path: Assets/Prefabs/Log 6.prefab
  artifactKey: Guid(e2de1868d94130546884305ea710e424) Importer(815301076,1909f56bfc062723c751e8b465ee728b)
Start importing Assets/Prefabs/Log 6.prefab using Guid(e2de1868d94130546884305ea710e424) Importer(815301076,1909f56bfc062723c751e8b465ee728b)  -> (artifact id: '290d9fc56ecd48159d633f2dc4728ee8') in 0.031019 seconds
  Import took 0.034725 seconds .

========================================================================
Received Import Request.
  Time since last request: 4.818068 seconds.
  path: Assets/Prefabs/Log 6.prefab
  artifactKey: Guid(e2de1868d94130546884305ea710e424) Importer(815301076,1909f56bfc062723c751e8b465ee728b)
Start importing Assets/Prefabs/Log 6.prefab using Guid(e2de1868d94130546884305ea710e424) Importer(815301076,1909f56bfc062723c751e8b465ee728b)  -> (artifact id: '5c4b367e3852b993416c62158c879399') in 0.010605 seconds
  Import took 0.014072 seconds .

========================================================================
Received Import Request.
  Time since last request: 16.523818 seconds.
  path: Assets/Prefabs/Turtle Group 2.prefab
  artifactKey: Guid(0e753842eafd8e4419c7b04dc8b13159) Importer(815301076,1909f56bfc062723c751e8b465ee728b)
Start importing Assets/Prefabs/Turtle Group 2.prefab using Guid(0e753842eafd8e4419c7b04dc8b13159) Importer(815301076,1909f56bfc062723c751e8b465ee728b)  -> (artifact id: '684abe1470203fa1bd1ada78b206b636') in 0.012604 seconds
  Import took 0.015545 seconds .

========================================================================
Received Import Request.
  Time since last request: 1.209588 seconds.
  path: Assets/Prefabs/Turtle Group 2.prefab
  artifactKey: Guid(0e753842eafd8e4419c7b04dc8b13159) Importer(815301076,1909f56bfc062723c751e8b465ee728b)
Start importing Assets/Prefabs/Turtle Group 2.prefab using Guid(0e753842eafd8e4419c7b04dc8b13159) Importer(815301076,1909f56bfc062723c751e8b465ee728b)  -> (artifact id: 'ae9cf722a72e95e7fab93e5d024b20f4') in 0.022998 seconds
  Import took 0.026088 seconds .

========================================================================
Received Import Request.
  Time since last request: 27.701849 seconds.
  path: Assets/Prefabs/Turtle.prefab
  artifactKey: Guid(bb7a1bd7f4e8b4d4da9e3bac9356d2e5) Importer(815301076,1909f56bfc062723c751e8b465ee728b)
Start importing Assets/Prefabs/Turtle.prefab using Guid(bb7a1bd7f4e8b4d4da9e3bac9356d2e5) Importer(815301076,1909f56bfc062723c751e8b465ee728b)  -> (artifact id: 'ddd2cddbd2ec54d915b210ed08c3e807') in 0.009371 seconds
  Import took 0.012387 seconds .

========================================================================
Received Import Request.
  Time since last request: 0.013102 seconds.
  path: Assets/Prefabs/Turtle Group 2.prefab
  artifactKey: Guid(0e753842eafd8e4419c7b04dc8b13159) Importer(815301076,1909f56bfc062723c751e8b465ee728b)
Start importing Assets/Prefabs/Turtle Group 2.prefab using Guid(0e753842eafd8e4419c7b04dc8b13159) Importer(815301076,1909f56bfc062723c751e8b465ee728b)  -> (artifact id: '8a7a878b3f204832434581fc6ecee3f7') in 0.012690 seconds
  Import took 0.015597 seconds .

========================================================================
Received Import Request.
  Time since last request: 0.000347 seconds.
  path: Assets/Prefabs/Turtle Group 3.prefab
  artifactKey: Guid(956a1d959cbe2ef4085ffa833515ff6d) Importer(815301076,1909f56bfc062723c751e8b465ee728b)
Start importing Assets/Prefabs/Turtle Group 3.prefab using Guid(956a1d959cbe2ef4085ffa833515ff6d) Importer(815301076,1909f56bfc062723c751e8b465ee728b)  -> (artifact id: 'ee1e8b307c6dfca555c03abc5858290d') in 0.011742 seconds
  Import took 0.014394 seconds .

========================================================================
Received Import Request.
  Time since last request: 5.881696 seconds.
  path: Assets/Prefabs/Toadder.prefab
  artifactKey: Guid(4919b567f613bea4296f1bfaeca97338) Importer(815301076,1909f56bfc062723c751e8b465ee728b)
Start importing Assets/Prefabs/Toadder.prefab using Guid(4919b567f613bea4296f1bfaeca97338) Importer(815301076,1909f56bfc062723c751e8b465ee728b)  -> (artifact id: '27517f87dadfdea2a78e6f13b28ac8f6') in 0.011902 seconds
  Import took 0.015267 seconds .

========================================================================
Received Import Request.
  Time since last request: 0.006544 seconds.
  path: Assets/Prefabs/Toadder.prefab
  artifactKey: Guid(4919b567f613bea4296f1bfaeca97338) Importer(815301076,1909f56bfc062723c751e8b465ee728b)
Start importing Assets/Prefabs/Toadder.prefab using Guid(4919b567f613bea4296f1bfaeca97338) Importer(815301076,1909f56bfc062723c751e8b465ee728b)  -> (artifact id: '27517f87dadfdea2a78e6f13b28ac8f6') in 0.015693 seconds
  Import took 0.019038 seconds .

========================================================================
Received Import Request.
  Time since last request: 19.151730 seconds.
  path: Assets/Prefabs/Turtle Group 3.prefab
  artifactKey: Guid(956a1d959cbe2ef4085ffa833515ff6d) Importer(815301076,1909f56bfc062723c751e8b465ee728b)
Start importing Assets/Prefabs/Turtle Group 3.prefab using Guid(956a1d959cbe2ef4085ffa833515ff6d) Importer(815301076,1909f56bfc062723c751e8b465ee728b)  -> (artifact id: 'c7a428bfd771b6e62a8b8df9d91d0206') in 0.012385 seconds
  Import took 0.015499 seconds .

========================================================================
Received Import Request.
  Time since last request: 2.606890 seconds.
  path: Assets/Prefabs/Turtle Group 3.prefab
  artifactKey: Guid(956a1d959cbe2ef4085ffa833515ff6d) Importer(815301076,1909f56bfc062723c751e8b465ee728b)
Start importing Assets/Prefabs/Turtle Group 3.prefab using Guid(956a1d959cbe2ef4085ffa833515ff6d) Importer(815301076,1909f56bfc062723c751e8b465ee728b)  -> (artifact id: '0aaf3bb6126a16ffde62733cb0625f16') in 0.012802 seconds
  Import took 0.015786 seconds .

========================================================================
Received Import Request.
  Time since last request: 1.227881 seconds.
  path: Assets/Prefabs/Turtle Group 3.prefab
  artifactKey: Guid(956a1d959cbe2ef4085ffa833515ff6d) Importer(815301076,1909f56bfc062723c751e8b465ee728b)
Start importing Assets/Prefabs/Turtle Group 3.prefab using Guid(956a1d959cbe2ef4085ffa833515ff6d) Importer(815301076,1909f56bfc062723c751e8b465ee728b)  -> (artifact id: 'b2bd04833e24c2075875e457a329e584') in 0.012346 seconds
  Import took 0.015339 seconds .

========================================================================
Received Prepare
Registering precompiled user dll's ...
Registered in 0.002278 seconds.
Begin MonoManager ReloadAssembly
Native extension for WindowsStandalone target not found
Native extension for WebGL target not found
Refreshing native plugins compatible for Editor in 0.33 ms, found 1 plugins.
Preloading 0 native plugins for Editor in 0.00 ms.
Invoked RoslynAnalysisRunner static constructor.
RoslynAnalysisRunner will not be running.
RoslynAnalysisRunner has terminated.
Mono: successfully reloaded assembly
- Completed reload, in  0.889 seconds
Platform modules already initialized, skipping
Refreshing native plugins compatible for Editor in 0.32 ms, found 1 plugins.
Preloading 0 native plugins for Editor in 0.00 ms.
Unloading 1805 Unused Serialized files (Serialized files now loaded: 0)
System memory in use before: 88.1 MB.
System memory in use after: 88.1 MB.

Unloading 12 unused Assets to reduce memory usage. Loaded Objects now: 2278.
Total: 2.336000 ms (FindLiveObjects: 0.252900 ms CreateObjectMapping: 0.245300 ms MarkObjects: 1.738100 ms  DeleteObjects: 0.098600 ms)

========================================================================
Received Prepare
Registering precompiled user dll's ...
Registered in 0.001080 seconds.
Begin MonoManager ReloadAssembly
Native extension for WindowsStandalone target not found
Native extension for WebGL target not found
Refreshing native plugins compatible for Editor in 0.34 ms, found 1 plugins.
Preloading 0 native plugins for Editor in 0.00 ms.
Invoked RoslynAnalysisRunner static constructor.
RoslynAnalysisRunner will not be running.
RoslynAnalysisRunner has terminated.
Mono: successfully reloaded assembly
- Completed reload, in  1.006 seconds
Platform modules already initialized, skipping
Refreshing native plugins compatible for Editor in 0.35 ms, found 1 plugins.
Preloading 0 native plugins for Editor in 0.00 ms.
Unloading 1805 Unused Serialized files (Serialized files now loaded: 0)
System memory in use before: 88.1 MB.
System memory in use after: 88.1 MB.

Unloading 12 unused Assets to reduce memory usage. Loaded Objects now: 2282.
Total: 2.444600 ms (FindLiveObjects: 0.359300 ms CreateObjectMapping: 0.129500 ms MarkObjects: 1.826900 ms  DeleteObjects: 0.127600 ms)

========================================================================
Received Prepare
Registering precompiled user dll's ...
Registered in 0.010964 seconds.
Begin MonoManager ReloadAssembly
Native extension for WindowsStandalone target not found
Native extension for WebGL target not found
Refreshing native plugins compatible for Editor in 0.33 ms, found 1 plugins.
Preloading 0 native plugins for Editor in 0.00 ms.
Invoked RoslynAnalysisRunner static constructor.
RoslynAnalysisRunner will not be running.
RoslynAnalysisRunner has terminated.
Mono: successfully reloaded assembly
- Completed reload, in  0.843 seconds
Platform modules already initialized, skipping
Refreshing native plugins compatible for Editor in 0.33 ms, found 1 plugins.
Preloading 0 native plugins for Editor in 0.00 ms.
Unloading 1805 Unused Serialized files (Serialized files now loaded: 0)
System memory in use before: 88.2 MB.
System memory in use after: 88.1 MB.

Unloading 12 unused Assets to reduce memory usage. Loaded Objects now: 2286.
Total: 2.266200 ms (FindLiveObjects: 0.244400 ms CreateObjectMapping: 0.093100 ms MarkObjects: 1.822300 ms  DeleteObjects: 0.104900 ms)

AssetImportWorkerClient::OnTransportError - code=2 error=End of file
