Using pre-set license
Built from '2020.3/staging' branch; Version is '2020.3.3f1 (76626098c1c4) revision 7758432'; Using compiler version '192528614'; Build Type 'Release'
OS: 'Windows 10 Home; OS build 22000.795; Version 2009; 64bit' Language: 'da' Physical Memory: 16229 MB
BatchMode: 1, IsHumanControllingUs: 0, StartBugReporterOnCrash: 0, Is64bit: 1, IsPro: 0

 COMMAND LINE ARGUMENTS:
C:\Program Files\Unity\Hub\Editor\2020.3.3f1\Editor\Unity.exe
-adb2
-batchMode
-noUpm
-name
AssetImportWorker0
-projectPath
C:/Users/kewin/OneDrive/Skrivebord/GitHub/Toadder/Toadder
-logFile
Logs/AssetImportWorker0.log
-srvPort
58753
Successfully changed project path to: C:/Users/kewin/OneDrive/Skrivebord/GitHub/Toadder/Toadder
C:/Users/kewin/OneDrive/Skrivebord/GitHub/Toadder/Toadder
Using Asset Import Pipeline V2.
Refreshing native plugins compatible for Editor in 79.71 ms, found 1 plugins.
Preloading 0 native plugins for Editor in 0.00 ms.
Initialize engine version: 2020.3.3f1 (76626098c1c4)
[Subsystems] Discovering subsystems at path C:/Program Files/Unity/Hub/Editor/2020.3.3f1/Editor/Data/Resources/UnitySubsystems
[Subsystems] Discovering subsystems at path C:/Users/kewin/OneDrive/Skrivebord/GitHub/Toadder/Toadder/Assets
GfxDevice: creating device client; threaded=0
Direct3D:
    Version:  Direct3D 11.0 [level 11.1]
    Renderer: NVIDIA GeForce GTX 1650 with Max-Q Design (ID=0x1f91)
    Vendor:   
    VRAM:     3962 MB
    Driver:   27.21.14.6647
Initialize mono
Mono path[0] = 'C:/Program Files/Unity/Hub/Editor/2020.3.3f1/Editor/Data/Managed'
Mono path[1] = 'C:/Program Files/Unity/Hub/Editor/2020.3.3f1/Editor/Data/MonoBleedingEdge/lib/mono/unityjit'
Mono config path = 'C:/Program Files/Unity/Hub/Editor/2020.3.3f1/Editor/Data/MonoBleedingEdge/etc'
Using monoOptions --debugger-agent=transport=dt_socket,embedding=1,server=y,suspend=n,address=127.0.0.1:56528
Begin MonoManager ReloadAssembly
Registering precompiled unity dll's ...
Register platform support module: C:/Program Files/Unity/Hub/Editor/2020.3.3f1/Editor/Data/PlaybackEngines/WebGLSupport/UnityEditor.WebGL.Extensions.dll
Register platform support module: C:/Program Files/Unity/Hub/Editor/2020.3.3f1/Editor/Data/PlaybackEngines/WindowsStandaloneSupport/UnityEditor.WindowsStandalone.Extensions.dll
Registered in 0.003242 seconds.
Native extension for WindowsStandalone target not found
Native extension for WebGL target not found
Refreshing native plugins compatible for Editor in 45.12 ms, found 1 plugins.
Preloading 0 native plugins for Editor in 0.00 ms.
Invoked RoslynAnalysisRunner static constructor.
RoslynAnalysisRunner will not be running.
RoslynAnalysisRunner has terminated.
Mono: successfully reloaded assembly
- Completed reload, in  2.007 seconds
Platform modules already initialized, skipping
Registering precompiled user dll's ...
Registered in 0.001426 seconds.
Begin MonoManager ReloadAssembly
Native extension for WindowsStandalone target not found
Native extension for WebGL target not found
Refreshing native plugins compatible for Editor in 105.71 ms, found 1 plugins.
Preloading 0 native plugins for Editor in 0.00 ms.
Invoked RoslynAnalysisRunner static constructor.
RoslynAnalysisRunner will not be running.
RoslynAnalysisRunner has terminated.
Mono: successfully reloaded assembly
- Completed reload, in  2.463 seconds
Platform modules already initialized, skipping
========================================================================
Worker process is ready to serve import requests
Launched and connected shader compiler UnityShaderCompiler.exe after 0.10 seconds
Refreshing native plugins compatible for Editor in 0.66 ms, found 1 plugins.
Preloading 0 native plugins for Editor in 0.00 ms.
Unloading 1808 Unused Serialized files (Serialized files now loaded: 0)
System memory in use before: 84.8 MB.
System memory in use after: 84.8 MB.

Unloading 24 unused Assets to reduce memory usage. Loaded Objects now: 2250.
Total: 4.849100 ms (FindLiveObjects: 0.505600 ms CreateObjectMapping: 0.202900 ms MarkObjects: 3.930600 ms  DeleteObjects: 0.206900 ms)

========================================================================
Received Import Request.
  path: Assets/Sprites/Car1.png
  artifactKey: Guid(4fce83e9e469df647bc31b2a6350cd7a) Importer(815301076,1909f56bfc062723c751e8b465ee728b)
Start importing Assets/Sprites/Car1.png using Guid(4fce83e9e469df647bc31b2a6350cd7a) Importer(815301076,1909f56bfc062723c751e8b465ee728b)  -> (artifact id: 'fd9c0d7692ef6d41ce31148339f6c348') in 0.313991 seconds
  Import took 0.319275 seconds .

========================================================================
Received Import Request.
  Time since last request: 5.713430 seconds.
  path: Assets/Sprites/Car2.png
  artifactKey: Guid(985a87b4f11a67141b43475465ef1c88) Importer(815301076,1909f56bfc062723c751e8b465ee728b)
Start importing Assets/Sprites/Car2.png using Guid(985a87b4f11a67141b43475465ef1c88) Importer(815301076,1909f56bfc062723c751e8b465ee728b)  -> (artifact id: '66fedd99670da10dec6184f9be9b5626') in 0.027865 seconds
  Import took 0.037224 seconds .

========================================================================
Received Import Request.
  Time since last request: 0.000793 seconds.
  path: Assets/Sprites/Turtle_03.png
  artifactKey: Guid(51e35edad548c834285b87dcf7f0b06e) Importer(815301076,1909f56bfc062723c751e8b465ee728b)
Start importing Assets/Sprites/Turtle_03.png using Guid(51e35edad548c834285b87dcf7f0b06e) Importer(815301076,1909f56bfc062723c751e8b465ee728b)  -> (artifact id: '83c0662a4d5e727f8f20bd0f1ccfcc98') in 0.028402 seconds
  Import took 0.035503 seconds .

========================================================================
Received Import Request.
  Time since last request: 0.000497 seconds.
  path: Assets/Sprites/LogStart.png
  artifactKey: Guid(eb219db97b6854b4b898decac0543068) Importer(815301076,1909f56bfc062723c751e8b465ee728b)
Start importing Assets/Sprites/LogStart.png using Guid(eb219db97b6854b4b898decac0543068) Importer(815301076,1909f56bfc062723c751e8b465ee728b)  -> (artifact id: '1f5cd69d6490120c718679106dfa0982') in 0.029437 seconds
  Import took 0.035416 seconds .

========================================================================
Received Import Request.
  Time since last request: 0.000534 seconds.
  path: Assets/Sprites/Car3.png
  artifactKey: Guid(03a3d0ce57659894dbdd40d1aa14fb11) Importer(815301076,1909f56bfc062723c751e8b465ee728b)
Start importing Assets/Sprites/Car3.png using Guid(03a3d0ce57659894dbdd40d1aa14fb11) Importer(815301076,1909f56bfc062723c751e8b465ee728b)  -> (artifact id: '16688b3c951cc87ef13b063bd4d9fd5d') in 0.030199 seconds
  Import took 0.036052 seconds .

========================================================================
Received Import Request.
  Time since last request: 0.000604 seconds.
  path: Assets/Sprites/FroggerDead.png
  artifactKey: Guid(1695d102dbd9a5949a838586c2e47c81) Importer(815301076,1909f56bfc062723c751e8b465ee728b)
Start importing Assets/Sprites/FroggerDead.png using Guid(1695d102dbd9a5949a838586c2e47c81) Importer(815301076,1909f56bfc062723c751e8b465ee728b)  -> (artifact id: 'bb99013aa19824f67a16cd01b920d240') in 0.042808 seconds
  Import took 0.057015 seconds .

========================================================================
Received Import Request.
  Time since last request: 0.000943 seconds.
  path: Assets/Sprites/Car4.png
  artifactKey: Guid(ecd845c4018d5b64ea949795231de2dd) Importer(815301076,1909f56bfc062723c751e8b465ee728b)
Start importing Assets/Sprites/Car4.png using Guid(ecd845c4018d5b64ea949795231de2dd) Importer(815301076,1909f56bfc062723c751e8b465ee728b)  -> (artifact id: '3188def69fd7e5e1248d9daaef1af615') in 0.064714 seconds
  Import took 0.078203 seconds .

========================================================================
Received Import Request.
  Time since last request: 0.000966 seconds.
  path: Assets/Sprites/FroggerIdle.png
  artifactKey: Guid(accdfca821fcfad4aa0e79fe4138f7df) Importer(815301076,1909f56bfc062723c751e8b465ee728b)
Start importing Assets/Sprites/FroggerIdle.png using Guid(accdfca821fcfad4aa0e79fe4138f7df) Importer(815301076,1909f56bfc062723c751e8b465ee728b)  -> (artifact id: '26297ae998385909b87c4cf6406deb62') in 0.058070 seconds
  Import took 0.071643 seconds .

========================================================================
Received Import Request.
  Time since last request: 0.000916 seconds.
  path: Assets/Sprites/HomeFrog.png
  artifactKey: Guid(00612c85c33a49f4f9f80e8010f83925) Importer(815301076,1909f56bfc062723c751e8b465ee728b)
Start importing Assets/Sprites/HomeFrog.png using Guid(00612c85c33a49f4f9f80e8010f83925) Importer(815301076,1909f56bfc062723c751e8b465ee728b)  -> (artifact id: '36f1cbb726f6859ae9ec4abae2772de8') in 0.061049 seconds
  Import took 0.073519 seconds .

========================================================================
Received Import Request.
  Time since last request: 0.001207 seconds.
  path: Assets/Sprites/Road.png
  artifactKey: Guid(2aae122b9879f2d4c9b07bae1c2c78c7) Importer(815301076,1909f56bfc062723c751e8b465ee728b)
Start importing Assets/Sprites/Road.png using Guid(2aae122b9879f2d4c9b07bae1c2c78c7) Importer(815301076,1909f56bfc062723c751e8b465ee728b)  -> (artifact id: '867795cb63a733beafacbb840f48b98a') in 0.079270 seconds
  Import took 0.092794 seconds .

========================================================================
Received Import Request.
  Time since last request: 0.000840 seconds.
  path: Assets/Sprites/Turtle_01.png
  artifactKey: Guid(47a65ad51523aec45bd7f4636f0ea3f8) Importer(815301076,1909f56bfc062723c751e8b465ee728b)
Start importing Assets/Sprites/Turtle_01.png using Guid(47a65ad51523aec45bd7f4636f0ea3f8) Importer(815301076,1909f56bfc062723c751e8b465ee728b)  -> (artifact id: '0c30c89cd0be5becc0185e8fe302964b') in 0.050565 seconds
  Import took 0.064387 seconds .

========================================================================
Received Import Request.
  Time since last request: 0.000882 seconds.
  path: Assets/Sprites/Turtle_02.png
  artifactKey: Guid(31a20cd2bec2ccc478e8936760805964) Importer(815301076,1909f56bfc062723c751e8b465ee728b)
Start importing Assets/Sprites/Turtle_02.png using Guid(31a20cd2bec2ccc478e8936760805964) Importer(815301076,1909f56bfc062723c751e8b465ee728b)  -> (artifact id: '276ac043bd8b4fdf3e2f04661a88385b') in 0.045217 seconds
  Import took 0.059669 seconds .

========================================================================
Received Import Request.
  Time since last request: 0.001040 seconds.
  path: Assets/Sprites/Median.png
  artifactKey: Guid(063b14f53cd9e744fa1d7999482340d1) Importer(815301076,1909f56bfc062723c751e8b465ee728b)
Start importing Assets/Sprites/Median.png using Guid(063b14f53cd9e744fa1d7999482340d1) Importer(815301076,1909f56bfc062723c751e8b465ee728b)  -> (artifact id: 'aa7c8faabf8e36d57288547284130728') in 0.053650 seconds
  Import took 0.065283 seconds .

========================================================================
Received Import Request.
  Time since last request: 0.000678 seconds.
  path: Assets/Sprites/Home.png
  artifactKey: Guid(ceb7999b3a67ed049a350bf567935fc2) Importer(815301076,1909f56bfc062723c751e8b465ee728b)
Start importing Assets/Sprites/Home.png using Guid(ceb7999b3a67ed049a350bf567935fc2) Importer(815301076,1909f56bfc062723c751e8b465ee728b)  -> (artifact id: '55c8814406efc72a362e4c6acff98ee7') in 0.060056 seconds
  Import took 0.072144 seconds .

========================================================================
Received Import Request.
  Time since last request: 0.000613 seconds.
  path: Assets/Sprites/Car5.png
  artifactKey: Guid(8915b00bac87b5744a8aeafb4c2234f9) Importer(815301076,1909f56bfc062723c751e8b465ee728b)
Start importing Assets/Sprites/Car5.png using Guid(8915b00bac87b5744a8aeafb4c2234f9) Importer(815301076,1909f56bfc062723c751e8b465ee728b)  -> (artifact id: 'fb92e1a1d22d893de11f3a3b80568a70') in 0.047315 seconds
  Import took 0.056714 seconds .

========================================================================
Received Import Request.
  Time since last request: 0.000891 seconds.
  path: Assets/Sprites/Water.png
  artifactKey: Guid(3ab86a6f66328f04ea9d4b65da5f5505) Importer(815301076,1909f56bfc062723c751e8b465ee728b)
Start importing Assets/Sprites/Water.png using Guid(3ab86a6f66328f04ea9d4b65da5f5505) Importer(815301076,1909f56bfc062723c751e8b465ee728b)  -> (artifact id: '25d162d057e53550e889782ee9f896da') in 0.046198 seconds
  Import took 0.056603 seconds .

========================================================================
Received Import Request.
  Time since last request: 0.000677 seconds.
  path: Assets/Sprites/LogEnd.png
  artifactKey: Guid(865165ff466d62a42855bd949e63b651) Importer(815301076,1909f56bfc062723c751e8b465ee728b)
Start importing Assets/Sprites/LogEnd.png using Guid(865165ff466d62a42855bd949e63b651) Importer(815301076,1909f56bfc062723c751e8b465ee728b)  -> (artifact id: 'c5979a1032e9923d88d9502abfe71041') in 0.040083 seconds
  Import took 0.054844 seconds .

========================================================================
Received Import Request.
  Time since last request: 0.001783 seconds.
  path: Assets/Sprites/LogMiddle.png
  artifactKey: Guid(201a43ea5ea5726448f68077b4e34f1c) Importer(815301076,1909f56bfc062723c751e8b465ee728b)
Start importing Assets/Sprites/LogMiddle.png using Guid(201a43ea5ea5726448f68077b4e34f1c) Importer(815301076,1909f56bfc062723c751e8b465ee728b)  -> (artifact id: 'a042761fb1482284931892719eb0ffb2') in 0.039720 seconds
  Import took 0.050679 seconds .

========================================================================
Received Import Request.
  Time since last request: 0.000814 seconds.
  path: Assets/Sprites/FroggerLeap.png
  artifactKey: Guid(c032d92b984378d4ebe60f300734cb08) Importer(815301076,1909f56bfc062723c751e8b465ee728b)
Start importing Assets/Sprites/FroggerLeap.png using Guid(c032d92b984378d4ebe60f300734cb08) Importer(815301076,1909f56bfc062723c751e8b465ee728b)  -> (artifact id: 'a9b0f66b24f844244dafbf70bc4933d4') in 0.043135 seconds
  Import took 0.053299 seconds .

========================================================================
Received Import Request.
  Time since last request: 104.364042 seconds.
  path: Assets/Sprites/Car1.png
  artifactKey: Guid(4fce83e9e469df647bc31b2a6350cd7a) Importer(815301076,1909f56bfc062723c751e8b465ee728b)
Start importing Assets/Sprites/Car1.png using Guid(4fce83e9e469df647bc31b2a6350cd7a) Importer(815301076,1909f56bfc062723c751e8b465ee728b)  -> (artifact id: '12b355ddbc560d2c5ac96805601776b6') in 0.019065 seconds
  Import took 0.024310 seconds .

========================================================================
Received Import Request.
  Time since last request: 0.000420 seconds.
  path: Assets/Sprites/Car2.png
  artifactKey: Guid(985a87b4f11a67141b43475465ef1c88) Importer(815301076,1909f56bfc062723c751e8b465ee728b)
Start importing Assets/Sprites/Car2.png using Guid(985a87b4f11a67141b43475465ef1c88) Importer(815301076,1909f56bfc062723c751e8b465ee728b)  -> (artifact id: 'd85b5c8a70b59bb939507f66ab498895') in 0.012713 seconds
  Import took 0.017372 seconds .

========================================================================
Received Import Request.
  Time since last request: 0.000454 seconds.
  path: Assets/Sprites/Turtle_03.png
  artifactKey: Guid(51e35edad548c834285b87dcf7f0b06e) Importer(815301076,1909f56bfc062723c751e8b465ee728b)
Start importing Assets/Sprites/Turtle_03.png using Guid(51e35edad548c834285b87dcf7f0b06e) Importer(815301076,1909f56bfc062723c751e8b465ee728b)  -> (artifact id: '8161193f4b13182408c0581f676ba1ca') in 0.014207 seconds
  Import took 0.019664 seconds .

========================================================================
Received Import Request.
  Time since last request: 0.000422 seconds.
  path: Assets/Sprites/LogStart.png
  artifactKey: Guid(eb219db97b6854b4b898decac0543068) Importer(815301076,1909f56bfc062723c751e8b465ee728b)
Start importing Assets/Sprites/LogStart.png using Guid(eb219db97b6854b4b898decac0543068) Importer(815301076,1909f56bfc062723c751e8b465ee728b)  -> (artifact id: 'a45a3ee632c671d65a97d9e2d1fbfd23') in 0.013324 seconds
  Import took 0.017236 seconds .

========================================================================
Received Import Request.
  Time since last request: 0.000420 seconds.
  path: Assets/Sprites/Car3.png
  artifactKey: Guid(03a3d0ce57659894dbdd40d1aa14fb11) Importer(815301076,1909f56bfc062723c751e8b465ee728b)
Start importing Assets/Sprites/Car3.png using Guid(03a3d0ce57659894dbdd40d1aa14fb11) Importer(815301076,1909f56bfc062723c751e8b465ee728b)  -> (artifact id: '95b71ed5b4c4e587fb899c09f73a0ba5') in 0.015428 seconds
  Import took 0.024440 seconds .

========================================================================
Received Import Request.
  Time since last request: 0.000698 seconds.
  path: Assets/Sprites/FroggerDead.png
  artifactKey: Guid(1695d102dbd9a5949a838586c2e47c81) Importer(815301076,1909f56bfc062723c751e8b465ee728b)
Start importing Assets/Sprites/FroggerDead.png using Guid(1695d102dbd9a5949a838586c2e47c81) Importer(815301076,1909f56bfc062723c751e8b465ee728b)  -> (artifact id: 'd5d6ddea5ae7325eacd39e23229feb34') in 0.018656 seconds
  Import took 0.026681 seconds .

========================================================================
Received Import Request.
  Time since last request: 0.000594 seconds.
  path: Assets/Sprites/Car4.png
  artifactKey: Guid(ecd845c4018d5b64ea949795231de2dd) Importer(815301076,1909f56bfc062723c751e8b465ee728b)
Start importing Assets/Sprites/Car4.png using Guid(ecd845c4018d5b64ea949795231de2dd) Importer(815301076,1909f56bfc062723c751e8b465ee728b)  -> (artifact id: 'a88181867dd8fde167a6c51e406c26de') in 0.021110 seconds
  Import took 0.028126 seconds .

========================================================================
Received Import Request.
  Time since last request: 0.000475 seconds.
  path: Assets/Sprites/FroggerIdle.png
  artifactKey: Guid(accdfca821fcfad4aa0e79fe4138f7df) Importer(815301076,1909f56bfc062723c751e8b465ee728b)
Start importing Assets/Sprites/FroggerIdle.png using Guid(accdfca821fcfad4aa0e79fe4138f7df) Importer(815301076,1909f56bfc062723c751e8b465ee728b)  -> (artifact id: '9e36a0c2704c0f76a5f3d07fcdeb66cb') in 0.018711 seconds
  Import took 0.024792 seconds .

========================================================================
Received Import Request.
  Time since last request: 0.000575 seconds.
  path: Assets/Sprites/HomeFrog.png
  artifactKey: Guid(00612c85c33a49f4f9f80e8010f83925) Importer(815301076,1909f56bfc062723c751e8b465ee728b)
Start importing Assets/Sprites/HomeFrog.png using Guid(00612c85c33a49f4f9f80e8010f83925) Importer(815301076,1909f56bfc062723c751e8b465ee728b)  -> (artifact id: '994099d06a66da51e7a6b9a6371ef2f6') in 0.019282 seconds
  Import took 0.025538 seconds .

========================================================================
Received Import Request.
  Time since last request: 0.000436 seconds.
  path: Assets/Sprites/Road.png
  artifactKey: Guid(2aae122b9879f2d4c9b07bae1c2c78c7) Importer(815301076,1909f56bfc062723c751e8b465ee728b)
Start importing Assets/Sprites/Road.png using Guid(2aae122b9879f2d4c9b07bae1c2c78c7) Importer(815301076,1909f56bfc062723c751e8b465ee728b)  -> (artifact id: '8855c335106765a4a037bb6bccec03ef') in 0.016024 seconds
  Import took 0.021056 seconds .

========================================================================
Received Import Request.
  Time since last request: 0.000496 seconds.
  path: Assets/Sprites/Turtle_01.png
  artifactKey: Guid(47a65ad51523aec45bd7f4636f0ea3f8) Importer(815301076,1909f56bfc062723c751e8b465ee728b)
Start importing Assets/Sprites/Turtle_01.png using Guid(47a65ad51523aec45bd7f4636f0ea3f8) Importer(815301076,1909f56bfc062723c751e8b465ee728b)  -> (artifact id: 'f5ee61e60887f5a16e900a42ab540760') in 0.017040 seconds
  Import took 0.023885 seconds .

========================================================================
Received Import Request.
  Time since last request: 0.000503 seconds.
  path: Assets/Sprites/Turtle_02.png
  artifactKey: Guid(31a20cd2bec2ccc478e8936760805964) Importer(815301076,1909f56bfc062723c751e8b465ee728b)
Start importing Assets/Sprites/Turtle_02.png using Guid(31a20cd2bec2ccc478e8936760805964) Importer(815301076,1909f56bfc062723c751e8b465ee728b)  -> (artifact id: '9b685225996ce04e1c2acd4e67685fd0') in 0.020155 seconds
  Import took 0.027274 seconds .

========================================================================
Received Import Request.
  Time since last request: 0.000461 seconds.
  path: Assets/Sprites/Median.png
  artifactKey: Guid(063b14f53cd9e744fa1d7999482340d1) Importer(815301076,1909f56bfc062723c751e8b465ee728b)
Start importing Assets/Sprites/Median.png using Guid(063b14f53cd9e744fa1d7999482340d1) Importer(815301076,1909f56bfc062723c751e8b465ee728b)  -> (artifact id: '924e295b99395ff4e9a54873ddf54f11') in 0.016526 seconds
  Import took 0.023635 seconds .

========================================================================
Received Import Request.
  Time since last request: 0.000351 seconds.
  path: Assets/Sprites/Home.png
  artifactKey: Guid(ceb7999b3a67ed049a350bf567935fc2) Importer(815301076,1909f56bfc062723c751e8b465ee728b)
Start importing Assets/Sprites/Home.png using Guid(ceb7999b3a67ed049a350bf567935fc2) Importer(815301076,1909f56bfc062723c751e8b465ee728b)  -> (artifact id: 'e92ba318eb45d551067803bc4a99294d') in 0.019313 seconds
  Import took 0.025096 seconds .

========================================================================
Received Import Request.
  Time since last request: 0.000405 seconds.
  path: Assets/Sprites/Car5.png
  artifactKey: Guid(8915b00bac87b5744a8aeafb4c2234f9) Importer(815301076,1909f56bfc062723c751e8b465ee728b)
Start importing Assets/Sprites/Car5.png using Guid(8915b00bac87b5744a8aeafb4c2234f9) Importer(815301076,1909f56bfc062723c751e8b465ee728b)  -> (artifact id: '58076cfa307f347046200828676bdda6') in 0.016400 seconds
  Import took 0.023337 seconds .

========================================================================
Received Import Request.
  Time since last request: 0.000406 seconds.
  path: Assets/Sprites/Water.png
  artifactKey: Guid(3ab86a6f66328f04ea9d4b65da5f5505) Importer(815301076,1909f56bfc062723c751e8b465ee728b)
Start importing Assets/Sprites/Water.png using Guid(3ab86a6f66328f04ea9d4b65da5f5505) Importer(815301076,1909f56bfc062723c751e8b465ee728b)  -> (artifact id: '3c2b6546a1834fcad8c9ccf500f3147a') in 0.014389 seconds
  Import took 0.019066 seconds .

========================================================================
Received Import Request.
  Time since last request: 0.000371 seconds.
  path: Assets/Sprites/LogEnd.png
  artifactKey: Guid(865165ff466d62a42855bd949e63b651) Importer(815301076,1909f56bfc062723c751e8b465ee728b)
Start importing Assets/Sprites/LogEnd.png using Guid(865165ff466d62a42855bd949e63b651) Importer(815301076,1909f56bfc062723c751e8b465ee728b)  -> (artifact id: 'b6a7dde9a0537436a6bbe3b2417f4b92') in 0.015516 seconds
  Import took 0.021276 seconds .

========================================================================
Received Import Request.
  Time since last request: 0.000398 seconds.
  path: Assets/Sprites/LogMiddle.png
  artifactKey: Guid(201a43ea5ea5726448f68077b4e34f1c) Importer(815301076,1909f56bfc062723c751e8b465ee728b)
Start importing Assets/Sprites/LogMiddle.png using Guid(201a43ea5ea5726448f68077b4e34f1c) Importer(815301076,1909f56bfc062723c751e8b465ee728b)  -> (artifact id: '9bcce94cda96478604f0019cfa9f1dcf') in 0.015886 seconds
  Import took 0.022093 seconds .

========================================================================
Received Import Request.
  Time since last request: 0.000405 seconds.
  path: Assets/Sprites/FroggerLeap.png
  artifactKey: Guid(c032d92b984378d4ebe60f300734cb08) Importer(815301076,1909f56bfc062723c751e8b465ee728b)
Start importing Assets/Sprites/FroggerLeap.png using Guid(c032d92b984378d4ebe60f300734cb08) Importer(815301076,1909f56bfc062723c751e8b465ee728b)  -> (artifact id: '6514f57f47ac4d09facf236e4dcf8753') in 0.017421 seconds
  Import took 0.022891 seconds .

========================================================================
Received Import Request.
  Time since last request: 400.728501 seconds.
  path: Assets/Sprites/Median.png
  artifactKey: Guid(063b14f53cd9e744fa1d7999482340d1) Importer(815301076,1909f56bfc062723c751e8b465ee728b)
Start importing Assets/Sprites/Median.png using Guid(063b14f53cd9e744fa1d7999482340d1) Importer(815301076,1909f56bfc062723c751e8b465ee728b)  -> (artifact id: '860fd0355b672d0aa57fdc0a18f44823') in 0.011416 seconds
  Import took 0.015564 seconds .

========================================================================
Received Import Request.
  Time since last request: 271.076662 seconds.
  path: Assets/Prefaps
  artifactKey: Guid(c96b559cda77c95429970c3f38a6839e) Importer(815301076,1909f56bfc062723c751e8b465ee728b)
Start importing Assets/Prefaps using Guid(c96b559cda77c95429970c3f38a6839e) Importer(815301076,1909f56bfc062723c751e8b465ee728b)  -> (artifact id: '6907c2d90b5c9e6f7c8a73f226e628b3') in 0.007820 seconds
  Import took 0.012473 seconds .

========================================================================
Received Import Request.
  Time since last request: 3.050251 seconds.
  path: Assets/Prefaps/Car1.prefab
  artifactKey: Guid(e9110944fcd72e745afa7d47723d7396) Importer(815301076,1909f56bfc062723c751e8b465ee728b)
Start importing Assets/Prefaps/Car1.prefab using Guid(e9110944fcd72e745afa7d47723d7396) Importer(815301076,1909f56bfc062723c751e8b465ee728b)  -> (artifact id: '21e579488af4969d22d7a51a0ad65b81') in 0.055458 seconds
  Import took 0.059546 seconds .

========================================================================
Received Import Request.
  Time since last request: 12.640382 seconds.
  path: Assets/Prefabs
  artifactKey: Guid(c96b559cda77c95429970c3f38a6839e) Importer(815301076,1909f56bfc062723c751e8b465ee728b)
Start importing Assets/Prefabs using Guid(c96b559cda77c95429970c3f38a6839e) Importer(815301076,1909f56bfc062723c751e8b465ee728b)  -> (artifact id: '25d4eb3d0246449337e692dc3b6c6915') in 0.008805 seconds
  Import took 0.012221 seconds .

========================================================================
Received Import Request.
  Time since last request: 143.686525 seconds.
  path: Assets/Prefabs/Car2.prefab
  artifactKey: Guid(80f2d268606fd8d418cbc9b1d08dfcd7) Importer(815301076,1909f56bfc062723c751e8b465ee728b)
Start importing Assets/Prefabs/Car2.prefab using Guid(80f2d268606fd8d418cbc9b1d08dfcd7) Importer(815301076,1909f56bfc062723c751e8b465ee728b)  -> (artifact id: '86557640ff1820893a1dbb1ca71a195e') in 0.014155 seconds
  Import took 0.017722 seconds .

========================================================================
Received Import Request.
  Time since last request: 97.217578 seconds.
  path: Assets/Prefabs/Car3.prefab
  artifactKey: Guid(e1112902448a7f345b78da90eec2527e) Importer(815301076,1909f56bfc062723c751e8b465ee728b)
Start importing Assets/Prefabs/Car3.prefab using Guid(e1112902448a7f345b78da90eec2527e) Importer(815301076,1909f56bfc062723c751e8b465ee728b)  -> (artifact id: '98d5d7e4dd684a2cb6145ed709e649fd') in 0.015861 seconds
  Import took 0.019890 seconds .

========================================================================
Received Import Request.
  Time since last request: 54.465456 seconds.
  path: Assets/Prefabs/Car4.prefab
  artifactKey: Guid(46899b46578550648a0598866867c98b) Importer(815301076,1909f56bfc062723c751e8b465ee728b)
Start importing Assets/Prefabs/Car4.prefab using Guid(46899b46578550648a0598866867c98b) Importer(815301076,1909f56bfc062723c751e8b465ee728b)  -> (artifact id: '951ea351572793ce8ab22a95e4e9b528') in 0.013175 seconds
  Import took 0.017286 seconds .

========================================================================
Received Import Request.
  Time since last request: 110.566052 seconds.
  path: Assets/Prefabs/Car5.prefab
  artifactKey: Guid(f15e2386642a5f04fa13c441af81eada) Importer(815301076,1909f56bfc062723c751e8b465ee728b)
Start importing Assets/Prefabs/Car5.prefab using Guid(f15e2386642a5f04fa13c441af81eada) Importer(815301076,1909f56bfc062723c751e8b465ee728b)  -> (artifact id: '5febb569c103a83d96d886d1fbae4881') in 0.016316 seconds
  Import took 0.020878 seconds .

========================================================================
Received Import Request.
  Time since last request: 184.370816 seconds.
  path: Assets/Prefabs/Car5.prefab
  artifactKey: Guid(f15e2386642a5f04fa13c441af81eada) Importer(815301076,1909f56bfc062723c751e8b465ee728b)
Start importing Assets/Prefabs/Car5.prefab using Guid(f15e2386642a5f04fa13c441af81eada) Importer(815301076,1909f56bfc062723c751e8b465ee728b)  -> (artifact id: '549ffe852fea37ba10d45bf4417707a8') in 0.014226 seconds
  Import took 0.019277 seconds .

========================================================================
Received Import Request.
  Time since last request: 2.899377 seconds.
  path: Assets/Prefabs/Car4.prefab
  artifactKey: Guid(46899b46578550648a0598866867c98b) Importer(815301076,1909f56bfc062723c751e8b465ee728b)
Start importing Assets/Prefabs/Car4.prefab using Guid(46899b46578550648a0598866867c98b) Importer(815301076,1909f56bfc062723c751e8b465ee728b)  -> (artifact id: '0b10b9d2cc1e05a25d84d566d29bbb2d') in 0.010775 seconds
  Import took 0.014748 seconds .

========================================================================
Received Import Request.
  Time since last request: 2.525195 seconds.
  path: Assets/Prefabs/Car3.prefab
  artifactKey: Guid(e1112902448a7f345b78da90eec2527e) Importer(815301076,1909f56bfc062723c751e8b465ee728b)
Start importing Assets/Prefabs/Car3.prefab using Guid(e1112902448a7f345b78da90eec2527e) Importer(815301076,1909f56bfc062723c751e8b465ee728b)  -> (artifact id: 'ac2571e181b85d36eb7094f4065393ba') in 0.011657 seconds
  Import took 0.015966 seconds .

========================================================================
Received Import Request.
  Time since last request: 2.769850 seconds.
  path: Assets/Prefabs/Car2.prefab
  artifactKey: Guid(80f2d268606fd8d418cbc9b1d08dfcd7) Importer(815301076,1909f56bfc062723c751e8b465ee728b)
Start importing Assets/Prefabs/Car2.prefab using Guid(80f2d268606fd8d418cbc9b1d08dfcd7) Importer(815301076,1909f56bfc062723c751e8b465ee728b)  -> (artifact id: '5ce25079459e719030f3a6b9cd659218') in 0.012021 seconds
  Import took 0.016572 seconds .

========================================================================
Received Import Request.
  Time since last request: 2.770390 seconds.
  path: Assets/Prefabs/Car1.prefab
  artifactKey: Guid(e9110944fcd72e745afa7d47723d7396) Importer(815301076,1909f56bfc062723c751e8b465ee728b)
Start importing Assets/Prefabs/Car1.prefab using Guid(e9110944fcd72e745afa7d47723d7396) Importer(815301076,1909f56bfc062723c751e8b465ee728b)  -> (artifact id: '40f45e24816fce3f69fa1fa5326f002b') in 0.011838 seconds
  Import took 0.015814 seconds .

========================================================================
Received Import Request.
  Time since last request: 93.368292 seconds.
  path: Assets/Prefabs/Turtle_01.prefab
  artifactKey: Guid(bb7a1bd7f4e8b4d4da9e3bac9356d2e5) Importer(815301076,1909f56bfc062723c751e8b465ee728b)
Start importing Assets/Prefabs/Turtle_01.prefab using Guid(bb7a1bd7f4e8b4d4da9e3bac9356d2e5) Importer(815301076,1909f56bfc062723c751e8b465ee728b)  -> (artifact id: '39dfac36033955a33fc5a9dabaca283b') in 0.033307 seconds
  Import took 0.042426 seconds .

========================================================================
Received Import Request.
  Time since last request: 8.048549 seconds.
  path: Assets/Prefabs/Turtle.prefab
  artifactKey: Guid(bb7a1bd7f4e8b4d4da9e3bac9356d2e5) Importer(815301076,1909f56bfc062723c751e8b465ee728b)
Start importing Assets/Prefabs/Turtle.prefab using Guid(bb7a1bd7f4e8b4d4da9e3bac9356d2e5) Importer(815301076,1909f56bfc062723c751e8b465ee728b)  -> (artifact id: '6c9b9e4d76f214b26ce3af46bfecd372') in 0.016707 seconds
  Import took 0.020694 seconds .

========================================================================
Received Import Request.
  Time since last request: 76.991797 seconds.
  path: Assets/Prefabs/Turtle Group 3.prefab
  artifactKey: Guid(956a1d959cbe2ef4085ffa833515ff6d) Importer(815301076,1909f56bfc062723c751e8b465ee728b)
Start importing Assets/Prefabs/Turtle Group 3.prefab using Guid(956a1d959cbe2ef4085ffa833515ff6d) Importer(815301076,1909f56bfc062723c751e8b465ee728b)  -> (artifact id: '8fa749bb6a43da4831c796da92978747') in 0.021508 seconds
  Import took 0.026470 seconds .

========================================================================
Received Import Request.
  Time since last request: 279.415462 seconds.
  path: Assets/Turtle Group 2.prefab
  artifactKey: Guid(0e753842eafd8e4419c7b04dc8b13159) Importer(815301076,1909f56bfc062723c751e8b465ee728b)
Start importing Assets/Turtle Group 2.prefab using Guid(0e753842eafd8e4419c7b04dc8b13159) Importer(815301076,1909f56bfc062723c751e8b465ee728b)  -> (artifact id: '2a67404195a3c38e50807d7f342a5a93') in 0.019176 seconds
  Import took 0.023949 seconds .

========================================================================
Received Import Request.
  Time since last request: 152.593483 seconds.
  path: Assets/Prefabs/Turtle Group 2.prefab
  artifactKey: Guid(0e753842eafd8e4419c7b04dc8b13159) Importer(815301076,1909f56bfc062723c751e8b465ee728b)
Start importing Assets/Prefabs/Turtle Group 2.prefab using Guid(0e753842eafd8e4419c7b04dc8b13159) Importer(815301076,1909f56bfc062723c751e8b465ee728b)  -> (artifact id: 'c94bbedfdd046904b2bc1f7f50193586') in 0.014381 seconds
  Import took 0.018448 seconds .

========================================================================
Received Import Request.
  Time since last request: 182.206573 seconds.
  path: Assets/Prefabs/Log 3.prefab
  artifactKey: Guid(1784da8a80c86934e8830c3c8e0dd026) Importer(815301076,1909f56bfc062723c751e8b465ee728b)
Start importing Assets/Prefabs/Log 3.prefab using Guid(1784da8a80c86934e8830c3c8e0dd026) Importer(815301076,1909f56bfc062723c751e8b465ee728b)  -> (artifact id: '491851584ebb92709da54d77de211613') in 0.021524 seconds
  Import took 0.026907 seconds .

========================================================================
Received Import Request.
  Time since last request: 133.702969 seconds.
  path: Assets/Prefabs/Log 6.prefab
  artifactKey: Guid(e2de1868d94130546884305ea710e424) Importer(815301076,1909f56bfc062723c751e8b465ee728b)
Start importing Assets/Prefabs/Log 6.prefab using Guid(e2de1868d94130546884305ea710e424) Importer(815301076,1909f56bfc062723c751e8b465ee728b)  -> (artifact id: '4e68c07c0a5390d701dd6c156d68a308') in 0.020585 seconds
  Import took 0.024838 seconds .

========================================================================
Received Import Request.
  Time since last request: 139.950002 seconds.
  path: Assets/Prefabs/Log 4.prefab
  artifactKey: Guid(965070f0450782849b780aa6ebd73366) Importer(815301076,1909f56bfc062723c751e8b465ee728b)
Start importing Assets/Prefabs/Log 4.prefab using Guid(965070f0450782849b780aa6ebd73366) Importer(815301076,1909f56bfc062723c751e8b465ee728b)  -> (artifact id: 'fb66bf046a74d6e4bda23a3ffa32ead9') in 0.019805 seconds
  Import took 0.024560 seconds .

========================================================================
Received Import Request.
  Time since last request: 263.482446 seconds.
  path: Assets/Prefabs/HomeFrog.prefab
  artifactKey: Guid(70f2966ca0ac8e84cb7428409a654074) Importer(815301076,1909f56bfc062723c751e8b465ee728b)
Start importing Assets/Prefabs/HomeFrog.prefab using Guid(70f2966ca0ac8e84cb7428409a654074) Importer(815301076,1909f56bfc062723c751e8b465ee728b)  -> (artifact id: '8b61e5317dad79d6c7cb261e12407841') in 0.014387 seconds
  Import took 0.018072 seconds .

========================================================================
Received Import Request.
  Time since last request: 79.664692 seconds.
  path: Assets/Prefabs/Home.prefab
  artifactKey: Guid(fc63fd18287f2d74882f402f503c9a38) Importer(815301076,1909f56bfc062723c751e8b465ee728b)
Start importing Assets/Prefabs/Home.prefab using Guid(fc63fd18287f2d74882f402f503c9a38) Importer(815301076,1909f56bfc062723c751e8b465ee728b)  -> (artifact id: '2b782b74b010743ab6aa659cfd73dfe0') in 0.016731 seconds
  Import took 0.021402 seconds .

========================================================================
Received Import Request.
  Time since last request: 269.869987 seconds.
  path: Assets/Prefabs/Toadder.prefab
  artifactKey: Guid(4919b567f613bea4296f1bfaeca97338) Importer(815301076,1909f56bfc062723c751e8b465ee728b)
Start importing Assets/Prefabs/Toadder.prefab using Guid(4919b567f613bea4296f1bfaeca97338) Importer(815301076,1909f56bfc062723c751e8b465ee728b)  -> (artifact id: '37dde909c737d401160e0a1c0b2d4801') in 0.018783 seconds
  Import took 0.023145 seconds .

========================================================================
Received Import Request.
  Time since last request: 0.002890 seconds.
  path: Assets/Prefabs/Toadder.prefab
  artifactKey: Guid(4919b567f613bea4296f1bfaeca97338) Importer(815301076,1909f56bfc062723c751e8b465ee728b)
Start importing Assets/Prefabs/Toadder.prefab using Guid(4919b567f613bea4296f1bfaeca97338) Importer(815301076,1909f56bfc062723c751e8b465ee728b)  -> (artifact id: '37dde909c737d401160e0a1c0b2d4801') in 0.012340 seconds
  Import took 0.016405 seconds .

========================================================================
Received Import Request.
  Time since last request: 55.231752 seconds.
  path: Assets/Scripts
  artifactKey: Guid(8f78fda382698204ab86dde79dba66ef) Importer(815301076,1909f56bfc062723c751e8b465ee728b)
Start importing Assets/Scripts using Guid(8f78fda382698204ab86dde79dba66ef) Importer(815301076,1909f56bfc062723c751e8b465ee728b)  -> (artifact id: '1785a2e9e086c19b1dec9c5ecb0d6fc8') in 0.008853 seconds
  Import took 0.013505 seconds .

========================================================================
Received Import Request.
  Time since last request: 7.467332 seconds.
  path: Assets/Scripts/Toadder.cs
  artifactKey: Guid(07a9afe3010e8484d82c3e10554d0fd9) Importer(815301076,1909f56bfc062723c751e8b465ee728b)
Start importing Assets/Scripts/Toadder.cs using Guid(07a9afe3010e8484d82c3e10554d0fd9) Importer(815301076,1909f56bfc062723c751e8b465ee728b)  -> (artifact id: 'b12d57ca9568d21d11e0ecbe1799115b') in 0.019212 seconds
  Import took 0.023390 seconds .

========================================================================
Received Prepare
Registering precompiled user dll's ...
Registered in 0.001361 seconds.
Begin MonoManager ReloadAssembly
Native extension for WindowsStandalone target not found
Native extension for WebGL target not found
Refreshing native plugins compatible for Editor in 0.42 ms, found 1 plugins.
Preloading 0 native plugins for Editor in 0.00 ms.
Invoked RoslynAnalysisRunner static constructor.
RoslynAnalysisRunner will not be running.
RoslynAnalysisRunner has terminated.
Mono: successfully reloaded assembly
- Completed reload, in  1.330 seconds
Platform modules already initialized, skipping
Refreshing native plugins compatible for Editor in 0.43 ms, found 1 plugins.
Preloading 0 native plugins for Editor in 0.00 ms.
Unloading 1804 Unused Serialized files (Serialized files now loaded: 0)
System memory in use before: 88.0 MB.
System memory in use after: 88.0 MB.

Unloading 12 unused Assets to reduce memory usage. Loaded Objects now: 2269.
Total: 2.481400 ms (FindLiveObjects: 0.303600 ms CreateObjectMapping: 0.085900 ms MarkObjects: 1.973700 ms  DeleteObjects: 0.117100 ms)

========================================================================
Received Prepare
Registering precompiled user dll's ...
Registered in 0.002040 seconds.
Begin MonoManager ReloadAssembly
Native extension for WindowsStandalone target not found
Native extension for WebGL target not found
Refreshing native plugins compatible for Editor in 0.45 ms, found 1 plugins.
Preloading 0 native plugins for Editor in 0.00 ms.
Invoked RoslynAnalysisRunner static constructor.
RoslynAnalysisRunner will not be running.
RoslynAnalysisRunner has terminated.
Mono: successfully reloaded assembly
- Completed reload, in  1.515 seconds
Platform modules already initialized, skipping
Refreshing native plugins compatible for Editor in 0.48 ms, found 1 plugins.
Preloading 0 native plugins for Editor in 0.00 ms.
Unloading 1804 Unused Serialized files (Serialized files now loaded: 0)
System memory in use before: 88.1 MB.
System memory in use after: 88.0 MB.

Unloading 12 unused Assets to reduce memory usage. Loaded Objects now: 2273.
Total: 3.262100 ms (FindLiveObjects: 0.262700 ms CreateObjectMapping: 0.110800 ms MarkObjects: 2.692700 ms  DeleteObjects: 0.193900 ms)

========================================================================
Received Prepare
Registering precompiled user dll's ...
Registered in 0.001989 seconds.
Begin MonoManager ReloadAssembly
Native extension for WindowsStandalone target not found
Native extension for WebGL target not found
Refreshing native plugins compatible for Editor in 0.52 ms, found 1 plugins.
Preloading 0 native plugins for Editor in 0.00 ms.
Invoked RoslynAnalysisRunner static constructor.
RoslynAnalysisRunner will not be running.
RoslynAnalysisRunner has terminated.
Mono: successfully reloaded assembly
- Completed reload, in  1.505 seconds
Platform modules already initialized, skipping
Refreshing native plugins compatible for Editor in 0.63 ms, found 1 plugins.
Preloading 0 native plugins for Editor in 0.00 ms.
Unloading 1804 Unused Serialized files (Serialized files now loaded: 0)
System memory in use before: 88.1 MB.
System memory in use after: 88.1 MB.

Unloading 12 unused Assets to reduce memory usage. Loaded Objects now: 2277.
Total: 3.157400 ms (FindLiveObjects: 0.268400 ms CreateObjectMapping: 0.144100 ms MarkObjects: 2.601300 ms  DeleteObjects: 0.141900 ms)

AssetImportWorkerClient::OnTransportError - code=2 error=End of file
